[0.442s] DEBUG:colcon:Command line arguments: ['/usr/bin/colcon', 'build']
[0.442s] DEBUG:colcon:Parsed command line arguments: Namespace(log_base=None, log_level=None, verb_name='build', build_base='build', install_base='install', merge_install=False, symlink_install=False, test_result_base=None, continue_on_error=False, executor='parallel', parallel_workers=4, event_handlers=None, ignore_user_meta=False, metas=['./colcon.meta'], base_paths=['.'], packages_ignore=None, packages_ignore_regex=None, paths=None, packages_up_to=None, packages_up_to_regex=None, packages_above=None, packages_above_and_dependencies=None, packages_above_depth=None, packages_select_by_dep=None, packages_skip_by_dep=None, packages_skip_up_to=None, packages_select_build_failed=False, packages_skip_build_finished=False, packages_select_test_failures=False, packages_skip_test_passed=False, packages_select=None, packages_skip=None, packages_select_regex=None, packages_skip_regex=None, packages_start=None, packages_end=None, allow_overriding=[], cmake_args=None, cmake_target=None, cmake_target_skip_unavailable=False, cmake_clean_cache=False, cmake_clean_first=False, cmake_force_configure=False, ament_cmake_args=None, catkin_cmake_args=None, catkin_skip_building_tests=False, verb_parser=<colcon_defaults.argument_parser.defaults.DefaultArgumentsDecorator object at 0xffff90760a00>, verb_extension=<colcon_core.verb.build.BuildVerb object at 0xffff908f9e70>, main=<bound method BuildVerb.main of <colcon_core.verb.build.BuildVerb object at 0xffff908f9e70>>)
[1.568s] Level 1:colcon.colcon_core.package_discovery:discover_packages(colcon_meta) check parameters
[1.569s] Level 1:colcon.colcon_core.package_discovery:discover_packages(recursive) check parameters
[1.569s] Level 1:colcon.colcon_core.package_discovery:discover_packages(ignore) check parameters
[1.569s] Level 1:colcon.colcon_core.package_discovery:discover_packages(path) check parameters
[1.569s] Level 1:colcon.colcon_core.package_discovery:discover_packages(colcon_meta) discover
[1.570s] Level 1:colcon.colcon_core.package_discovery:discover_packages(recursive) discover
[1.570s] INFO:colcon.colcon_core.package_discovery:Crawling recursively for packages in '/home/carpe-bleue/ros2_ws'
[1.571s] Level 1:colcon.colcon_core.package_identification:_identify(.) by extensions ['ignore', 'ignore_ament_install']
[1.571s] Level 1:colcon.colcon_core.package_identification:_identify(.) by extension 'ignore'
[1.571s] Level 1:colcon.colcon_core.package_identification:_identify(.) by extension 'ignore_ament_install'
[1.572s] Level 1:colcon.colcon_core.package_identification:_identify(.) by extensions ['colcon_pkg']
[1.572s] Level 1:colcon.colcon_core.package_identification:_identify(.) by extension 'colcon_pkg'
[1.572s] Level 1:colcon.colcon_core.package_identification:_identify(.) by extensions ['colcon_meta']
[1.572s] Level 1:colcon.colcon_core.package_identification:_identify(.) by extension 'colcon_meta'
[1.572s] Level 1:colcon.colcon_core.package_identification:_identify(.) by extensions ['ros']
[1.572s] Level 1:colcon.colcon_core.package_identification:_identify(.) by extension 'ros'
[1.629s] Level 1:colcon.colcon_core.package_identification:_identify(.) by extensions ['cmake', 'python']
[1.629s] Level 1:colcon.colcon_core.package_identification:_identify(.) by extension 'cmake'
[1.629s] Level 1:colcon.colcon_core.package_identification:_identify(.) by extension 'python'
[1.630s] Level 1:colcon.colcon_core.package_identification:_identify(.) by extensions ['python_setup_py']
[1.630s] Level 1:colcon.colcon_core.package_identification:_identify(.) by extension 'python_setup_py'
[1.630s] Level 1:colcon.colcon_core.package_identification:_identify(build) by extensions ['ignore', 'ignore_ament_install']
[1.631s] Level 1:colcon.colcon_core.package_identification:_identify(build) by extension 'ignore'
[1.631s] Level 1:colcon.colcon_core.package_identification:_identify(build) ignored
[1.631s] Level 1:colcon.colcon_core.package_identification:_identify(install) by extensions ['ignore', 'ignore_ament_install']
[1.632s] Level 1:colcon.colcon_core.package_identification:_identify(install) by extension 'ignore'
[1.632s] Level 1:colcon.colcon_core.package_identification:_identify(install) ignored
[1.633s] Level 1:colcon.colcon_core.package_identification:_identify(log) by extensions ['ignore', 'ignore_ament_install']
[1.633s] Level 1:colcon.colcon_core.package_identification:_identify(log) by extension 'ignore'
[1.633s] Level 1:colcon.colcon_core.package_identification:_identify(log) ignored
[1.634s] Level 1:colcon.colcon_core.package_identification:_identify(src) by extensions ['ignore', 'ignore_ament_install']
[1.634s] Level 1:colcon.colcon_core.package_identification:_identify(src) by extension 'ignore'
[1.634s] Level 1:colcon.colcon_core.package_identification:_identify(src) by extension 'ignore_ament_install'
[1.634s] Level 1:colcon.colcon_core.package_identification:_identify(src) by extensions ['colcon_pkg']
[1.634s] Level 1:colcon.colcon_core.package_identification:_identify(src) by extension 'colcon_pkg'
[1.635s] Level 1:colcon.colcon_core.package_identification:_identify(src) by extensions ['colcon_meta']
[1.635s] Level 1:colcon.colcon_core.package_identification:_identify(src) by extension 'colcon_meta'
[1.635s] Level 1:colcon.colcon_core.package_identification:_identify(src) by extensions ['ros']
[1.635s] Level 1:colcon.colcon_core.package_identification:_identify(src) by extension 'ros'
[1.635s] Level 1:colcon.colcon_core.package_identification:_identify(src) by extensions ['cmake', 'python']
[1.635s] Level 1:colcon.colcon_core.package_identification:_identify(src) by extension 'cmake'
[1.636s] Level 1:colcon.colcon_core.package_identification:_identify(src) by extension 'python'
[1.636s] Level 1:colcon.colcon_core.package_identification:_identify(src) by extensions ['python_setup_py']
[1.636s] Level 1:colcon.colcon_core.package_identification:_identify(src) by extension 'python_setup_py'
[1.636s] Level 1:colcon.colcon_core.package_identification:_identify(src/serial_package) by extensions ['ignore', 'ignore_ament_install']
[1.637s] Level 1:colcon.colcon_core.package_identification:_identify(src/serial_package) by extension 'ignore'
[1.637s] Level 1:colcon.colcon_core.package_identification:_identify(src/serial_package) by extension 'ignore_ament_install'
[1.637s] Level 1:colcon.colcon_core.package_identification:_identify(src/serial_package) by extensions ['colcon_pkg']
[1.637s] Level 1:colcon.colcon_core.package_identification:_identify(src/serial_package) by extension 'colcon_pkg'
[1.637s] Level 1:colcon.colcon_core.package_identification:_identify(src/serial_package) by extensions ['colcon_meta']
[1.637s] Level 1:colcon.colcon_core.package_identification:_identify(src/serial_package) by extension 'colcon_meta'
[1.638s] Level 1:colcon.colcon_core.package_identification:_identify(src/serial_package) by extensions ['ros']
[1.638s] Level 1:colcon.colcon_core.package_identification:_identify(src/serial_package) by extension 'ros'
[1.646s] DEBUG:colcon.colcon_core.package_identification:Package 'src/serial_package' with type 'ros.ament_cmake' and name 'serial_package'
[1.647s] Level 1:colcon.colcon_core.package_identification:_identify(src/ydlidar_ros2_driver) by extensions ['ignore', 'ignore_ament_install']
[1.647s] Level 1:colcon.colcon_core.package_identification:_identify(src/ydlidar_ros2_driver) by extension 'ignore'
[1.647s] Level 1:colcon.colcon_core.package_identification:_identify(src/ydlidar_ros2_driver) by extension 'ignore_ament_install'
[1.648s] Level 1:colcon.colcon_core.package_identification:_identify(src/ydlidar_ros2_driver) by extensions ['colcon_pkg']
[1.648s] Level 1:colcon.colcon_core.package_identification:_identify(src/ydlidar_ros2_driver) by extension 'colcon_pkg'
[1.648s] Level 1:colcon.colcon_core.package_identification:_identify(src/ydlidar_ros2_driver) by extensions ['colcon_meta']
[1.648s] Level 1:colcon.colcon_core.package_identification:_identify(src/ydlidar_ros2_driver) by extension 'colcon_meta'
[1.648s] Level 1:colcon.colcon_core.package_identification:_identify(src/ydlidar_ros2_driver) by extensions ['ros']
[1.649s] Level 1:colcon.colcon_core.package_identification:_identify(src/ydlidar_ros2_driver) by extension 'ros'
[1.651s] DEBUG:colcon.colcon_core.package_identification:Package 'src/ydlidar_ros2_driver' with type 'ros.ament_cmake' and name 'ydlidar_ros2_driver'
[1.651s] Level 1:colcon.colcon_core.package_discovery:discover_packages(recursive) using defaults
[1.652s] Level 1:colcon.colcon_core.package_discovery:discover_packages(ignore) discover
[1.652s] Level 1:colcon.colcon_core.package_discovery:discover_packages(ignore) using defaults
[1.652s] Level 1:colcon.colcon_core.package_discovery:discover_packages(path) discover
[1.652s] Level 1:colcon.colcon_core.package_discovery:discover_packages(path) using defaults
[1.731s] Level 1:colcon.colcon_core.package_discovery:discover_packages(prefix_path) check parameters
[1.731s] Level 1:colcon.colcon_core.package_discovery:discover_packages(prefix_path) discover
[1.740s] DEBUG:colcon.colcon_installed_package_information.package_discovery:Found 3 installed packages in /home/carpe-bleue/ros2_ws/install
[1.749s] DEBUG:colcon.colcon_installed_package_information.package_discovery:Found 271 installed packages in /opt/ros/humble
[1.755s] Level 1:colcon.colcon_core.package_discovery:discover_packages(prefix_path) using defaults
[1.919s] Level 5:colcon.colcon_core.verb:set package 'serial_package' build argument 'cmake_args' from command line to 'None'
[1.920s] Level 5:colcon.colcon_core.verb:set package 'serial_package' build argument 'cmake_target' from command line to 'None'
[1.920s] Level 5:colcon.colcon_core.verb:set package 'serial_package' build argument 'cmake_target_skip_unavailable' from command line to 'False'
[1.920s] Level 5:colcon.colcon_core.verb:set package 'serial_package' build argument 'cmake_clean_cache' from command line to 'False'
[1.920s] Level 5:colcon.colcon_core.verb:set package 'serial_package' build argument 'cmake_clean_first' from command line to 'False'
[1.920s] Level 5:colcon.colcon_core.verb:set package 'serial_package' build argument 'cmake_force_configure' from command line to 'False'
[1.920s] Level 5:colcon.colcon_core.verb:set package 'serial_package' build argument 'ament_cmake_args' from command line to 'None'
[1.920s] Level 5:colcon.colcon_core.verb:set package 'serial_package' build argument 'catkin_cmake_args' from command line to 'None'
[1.920s] Level 5:colcon.colcon_core.verb:set package 'serial_package' build argument 'catkin_skip_building_tests' from command line to 'False'
[1.920s] DEBUG:colcon.colcon_core.verb:Building package 'serial_package' with the following arguments: {'ament_cmake_args': None, 'build_base': '/home/carpe-bleue/ros2_ws/build/serial_package', 'catkin_cmake_args': None, 'catkin_skip_building_tests': False, 'cmake_args': None, 'cmake_clean_cache': False, 'cmake_clean_first': False, 'cmake_force_configure': False, 'cmake_target': None, 'cmake_target_skip_unavailable': False, 'install_base': '/home/carpe-bleue/ros2_ws/install/serial_package', 'merge_install': False, 'path': '/home/carpe-bleue/ros2_ws/src/serial_package', 'symlink_install': False, 'test_result_base': None}
[1.922s] Level 5:colcon.colcon_core.verb:set package 'ydlidar_ros2_driver' build argument 'cmake_args' from command line to 'None'
[1.922s] Level 5:colcon.colcon_core.verb:set package 'ydlidar_ros2_driver' build argument 'cmake_target' from command line to 'None'
[1.922s] Level 5:colcon.colcon_core.verb:set package 'ydlidar_ros2_driver' build argument 'cmake_target_skip_unavailable' from command line to 'False'
[1.922s] Level 5:colcon.colcon_core.verb:set package 'ydlidar_ros2_driver' build argument 'cmake_clean_cache' from command line to 'False'
[1.922s] Level 5:colcon.colcon_core.verb:set package 'ydlidar_ros2_driver' build argument 'cmake_clean_first' from command line to 'False'
[1.922s] Level 5:colcon.colcon_core.verb:set package 'ydlidar_ros2_driver' build argument 'cmake_force_configure' from command line to 'False'
[1.922s] Level 5:colcon.colcon_core.verb:set package 'ydlidar_ros2_driver' build argument 'ament_cmake_args' from command line to 'None'
[1.923s] Level 5:colcon.colcon_core.verb:set package 'ydlidar_ros2_driver' build argument 'catkin_cmake_args' from command line to 'None'
[1.923s] Level 5:colcon.colcon_core.verb:set package 'ydlidar_ros2_driver' build argument 'catkin_skip_building_tests' from command line to 'False'
[1.923s] DEBUG:colcon.colcon_core.verb:Building package 'ydlidar_ros2_driver' with the following arguments: {'ament_cmake_args': None, 'build_base': '/home/carpe-bleue/ros2_ws/build/ydlidar_ros2_driver', 'catkin_cmake_args': None, 'catkin_skip_building_tests': False, 'cmake_args': None, 'cmake_clean_cache': False, 'cmake_clean_first': False, 'cmake_force_configure': False, 'cmake_target': None, 'cmake_target_skip_unavailable': False, 'install_base': '/home/carpe-bleue/ros2_ws/install/ydlidar_ros2_driver', 'merge_install': False, 'path': '/home/carpe-bleue/ros2_ws/src/ydlidar_ros2_driver', 'symlink_install': False, 'test_result_base': None}
[1.923s] INFO:colcon.colcon_core.executor:Executing jobs using 'parallel' executor
[1.927s] DEBUG:colcon.colcon_parallel_executor.executor.parallel:run_until_complete
[1.928s] INFO:colcon.colcon_ros.task.ament_cmake.build:Building ROS package in '/home/carpe-bleue/ros2_ws/src/serial_package' with build type 'ament_cmake'
[1.928s] INFO:colcon.colcon_cmake.task.cmake.build:Building CMake package in '/home/carpe-bleue/ros2_ws/src/serial_package'
[1.936s] INFO:colcon.colcon_core.plugin_system:Skipping extension 'colcon_core.shell.bat': Not used on non-Windows systems
[1.937s] INFO:colcon.colcon_core.shell:Skip shell extension 'powershell' for command environment: Not usable outside of PowerShell
[1.938s] DEBUG:colcon.colcon_core.shell:Skip shell extension 'dsv' for command environment
[1.959s] INFO:colcon.colcon_ros.task.ament_cmake.build:Building ROS package in '/home/carpe-bleue/ros2_ws/src/ydlidar_ros2_driver' with build type 'ament_cmake'
[1.959s] INFO:colcon.colcon_cmake.task.cmake.build:Building CMake package in '/home/carpe-bleue/ros2_ws/src/ydlidar_ros2_driver'
[1.961s] INFO:colcon.colcon_core.shell:Skip shell extension 'powershell' for command environment: Not usable outside of PowerShell
[1.961s] DEBUG:colcon.colcon_core.shell:Skip shell extension 'dsv' for command environment
[1.995s] DEBUG:colcon.colcon_core.event_handler.log_command:Invoking command in '/home/carpe-bleue/ros2_ws/build/serial_package': CMAKE_PREFIX_PATH=${CMAKE_PREFIX_PATH}:/opt/ros/humble /usr/bin/cmake --build /home/carpe-bleue/ros2_ws/build/serial_package -- -j4 -l4
[2.022s] DEBUG:colcon.colcon_core.event_handler.log_command:Invoking command in '/home/carpe-bleue/ros2_ws/build/ydlidar_ros2_driver': CMAKE_PREFIX_PATH=${CMAKE_PREFIX_PATH}:/opt/ros/humble /usr/bin/cmake --build /home/carpe-bleue/ros2_ws/build/ydlidar_ros2_driver -- -j4 -l4
[2.302s] DEBUG:colcon.colcon_core.event_handler.log_command:Invoked command in '/home/carpe-bleue/ros2_ws/build/serial_package' returned '0': CMAKE_PREFIX_PATH=${CMAKE_PREFIX_PATH}:/opt/ros/humble /usr/bin/cmake --build /home/carpe-bleue/ros2_ws/build/serial_package -- -j4 -l4
[2.342s] DEBUG:colcon.colcon_core.event_handler.log_command:Invoking command in '/home/carpe-bleue/ros2_ws/build/serial_package': CMAKE_PREFIX_PATH=${CMAKE_PREFIX_PATH}:/opt/ros/humble /usr/bin/cmake --install /home/carpe-bleue/ros2_ws/build/serial_package
[2.349s] DEBUG:colcon.colcon_core.event_handler.log_command:Invoked command in '/home/carpe-bleue/ros2_ws/build/ydlidar_ros2_driver' returned '0': CMAKE_PREFIX_PATH=${CMAKE_PREFIX_PATH}:/opt/ros/humble /usr/bin/cmake --build /home/carpe-bleue/ros2_ws/build/ydlidar_ros2_driver -- -j4 -l4
[2.359s] DEBUG:colcon.colcon_core.event_handler.log_command:Invoking command in '/home/carpe-bleue/ros2_ws/build/ydlidar_ros2_driver': CMAKE_PREFIX_PATH=${CMAKE_PREFIX_PATH}:/opt/ros/humble /usr/bin/cmake --install /home/carpe-bleue/ros2_ws/build/ydlidar_ros2_driver
[2.464s] Level 1:colcon.colcon_core.environment:create_environment_scripts_only(ydlidar_ros2_driver)
[2.467s] DEBUG:colcon.colcon_core.event_handler.log_command:Invoked command in '/home/carpe-bleue/ros2_ws/build/ydlidar_ros2_driver' returned '0': CMAKE_PREFIX_PATH=${CMAKE_PREFIX_PATH}:/opt/ros/humble /usr/bin/cmake --install /home/carpe-bleue/ros2_ws/build/ydlidar_ros2_driver
[2.482s] Level 1:colcon.colcon_core.environment:checking '/home/carpe-bleue/ros2_ws/install/ydlidar_ros2_driver' for CMake module files
[2.486s] Level 1:colcon.colcon_core.environment:checking '/home/carpe-bleue/ros2_ws/install/ydlidar_ros2_driver' for CMake config files
[2.489s] Level 1:colcon.colcon_core.shell:create_environment_hook('ydlidar_ros2_driver', 'cmake_prefix_path')
[2.489s] INFO:colcon.colcon_core.shell:Creating environment hook '/home/carpe-bleue/ros2_ws/install/ydlidar_ros2_driver/share/ydlidar_ros2_driver/hook/cmake_prefix_path.ps1'
[2.492s] INFO:colcon.colcon_core.shell:Creating environment descriptor '/home/carpe-bleue/ros2_ws/install/ydlidar_ros2_driver/share/ydlidar_ros2_driver/hook/cmake_prefix_path.dsv'
[2.495s] INFO:colcon.colcon_core.shell:Creating environment hook '/home/carpe-bleue/ros2_ws/install/ydlidar_ros2_driver/share/ydlidar_ros2_driver/hook/cmake_prefix_path.sh'
[2.498s] Level 1:colcon.colcon_core.environment:checking '/home/carpe-bleue/ros2_ws/install/ydlidar_ros2_driver/lib'
[2.499s] Level 1:colcon.colcon_core.environment:checking '/home/carpe-bleue/ros2_ws/install/ydlidar_ros2_driver/bin'
[2.499s] Level 1:colcon.colcon_core.environment:checking '/home/carpe-bleue/ros2_ws/install/ydlidar_ros2_driver/lib/pkgconfig/ydlidar_ros2_driver.pc'
[2.500s] Level 1:colcon.colcon_core.environment:checking '/home/carpe-bleue/ros2_ws/install/ydlidar_ros2_driver/lib/python3.10/site-packages'
[2.501s] Level 1:colcon.colcon_core.environment:checking '/home/carpe-bleue/ros2_ws/install/ydlidar_ros2_driver/bin'
[2.502s] INFO:colcon.colcon_core.shell:Creating package script '/home/carpe-bleue/ros2_ws/install/ydlidar_ros2_driver/share/ydlidar_ros2_driver/package.ps1'
[2.505s] INFO:colcon.colcon_core.shell:Creating package descriptor '/home/carpe-bleue/ros2_ws/install/ydlidar_ros2_driver/share/ydlidar_ros2_driver/package.dsv'
[2.508s] INFO:colcon.colcon_core.shell:Creating package script '/home/carpe-bleue/ros2_ws/install/ydlidar_ros2_driver/share/ydlidar_ros2_driver/package.sh'
[2.511s] INFO:colcon.colcon_core.shell:Creating package script '/home/carpe-bleue/ros2_ws/install/ydlidar_ros2_driver/share/ydlidar_ros2_driver/package.bash'
[2.515s] INFO:colcon.colcon_core.shell:Creating package script '/home/carpe-bleue/ros2_ws/install/ydlidar_ros2_driver/share/ydlidar_ros2_driver/package.zsh'
[2.518s] Level 1:colcon.colcon_core.environment:create_file_with_runtime_dependencies(/home/carpe-bleue/ros2_ws/install/ydlidar_ros2_driver/share/colcon-core/packages/ydlidar_ros2_driver)
[2.520s] Level 1:colcon.colcon_core.environment:create_environment_scripts_only(ydlidar_ros2_driver)
[2.521s] Level 1:colcon.colcon_core.environment:checking '/home/carpe-bleue/ros2_ws/install/ydlidar_ros2_driver' for CMake module files
[2.524s] Level 1:colcon.colcon_core.environment:checking '/home/carpe-bleue/ros2_ws/install/ydlidar_ros2_driver' for CMake config files
[2.527s] Level 1:colcon.colcon_core.shell:create_environment_hook('ydlidar_ros2_driver', 'cmake_prefix_path')
[2.528s] INFO:colcon.colcon_core.shell:Creating environment hook '/home/carpe-bleue/ros2_ws/install/ydlidar_ros2_driver/share/ydlidar_ros2_driver/hook/cmake_prefix_path.ps1'
[2.530s] INFO:colcon.colcon_core.shell:Creating environment descriptor '/home/carpe-bleue/ros2_ws/install/ydlidar_ros2_driver/share/ydlidar_ros2_driver/hook/cmake_prefix_path.dsv'
[2.532s] INFO:colcon.colcon_core.shell:Creating environment hook '/home/carpe-bleue/ros2_ws/install/ydlidar_ros2_driver/share/ydlidar_ros2_driver/hook/cmake_prefix_path.sh'
[2.534s] Level 1:colcon.colcon_core.environment:checking '/home/carpe-bleue/ros2_ws/install/ydlidar_ros2_driver/lib'
[2.535s] Level 1:colcon.colcon_core.environment:checking '/home/carpe-bleue/ros2_ws/install/ydlidar_ros2_driver/bin'
[2.535s] Level 1:colcon.colcon_core.environment:checking '/home/carpe-bleue/ros2_ws/install/ydlidar_ros2_driver/lib/pkgconfig/ydlidar_ros2_driver.pc'
[2.536s] Level 1:colcon.colcon_core.environment:checking '/home/carpe-bleue/ros2_ws/install/ydlidar_ros2_driver/lib/python3.10/site-packages'
[2.537s] Level 1:colcon.colcon_core.environment:checking '/home/carpe-bleue/ros2_ws/install/ydlidar_ros2_driver/bin'
[2.538s] INFO:colcon.colcon_core.shell:Creating package script '/home/carpe-bleue/ros2_ws/install/ydlidar_ros2_driver/share/ydlidar_ros2_driver/package.ps1'
[2.540s] INFO:colcon.colcon_core.shell:Creating package descriptor '/home/carpe-bleue/ros2_ws/install/ydlidar_ros2_driver/share/ydlidar_ros2_driver/package.dsv'
[2.543s] INFO:colcon.colcon_core.shell:Creating package script '/home/carpe-bleue/ros2_ws/install/ydlidar_ros2_driver/share/ydlidar_ros2_driver/package.sh'
[2.546s] INFO:colcon.colcon_core.shell:Creating package script '/home/carpe-bleue/ros2_ws/install/ydlidar_ros2_driver/share/ydlidar_ros2_driver/package.bash'
[2.548s] INFO:colcon.colcon_core.shell:Creating package script '/home/carpe-bleue/ros2_ws/install/ydlidar_ros2_driver/share/ydlidar_ros2_driver/package.zsh'
[2.550s] Level 1:colcon.colcon_core.environment:create_file_with_runtime_dependencies(/home/carpe-bleue/ros2_ws/install/ydlidar_ros2_driver/share/colcon-core/packages/ydlidar_ros2_driver)
[2.554s] Level 1:colcon.colcon_core.environment:create_environment_scripts_only(serial_package)
[2.555s] Level 1:colcon.colcon_core.environment:checking '/home/carpe-bleue/ros2_ws/install/serial_package' for CMake module files
[2.558s] DEBUG:colcon.colcon_core.event_handler.log_command:Invoked command in '/home/carpe-bleue/ros2_ws/build/serial_package' returned '0': CMAKE_PREFIX_PATH=${CMAKE_PREFIX_PATH}:/opt/ros/humble /usr/bin/cmake --install /home/carpe-bleue/ros2_ws/build/serial_package
[2.563s] Level 1:colcon.colcon_core.environment:checking '/home/carpe-bleue/ros2_ws/install/serial_package' for CMake config files
[2.568s] Level 1:colcon.colcon_core.shell:create_environment_hook('serial_package', 'cmake_prefix_path')
[2.569s] INFO:colcon.colcon_core.shell:Creating environment hook '/home/carpe-bleue/ros2_ws/install/serial_package/share/serial_package/hook/cmake_prefix_path.ps1'
[2.571s] INFO:colcon.colcon_core.shell:Creating environment descriptor '/home/carpe-bleue/ros2_ws/install/serial_package/share/serial_package/hook/cmake_prefix_path.dsv'
[2.572s] INFO:colcon.colcon_core.shell:Creating environment hook '/home/carpe-bleue/ros2_ws/install/serial_package/share/serial_package/hook/cmake_prefix_path.sh'
[2.575s] Level 1:colcon.colcon_core.environment:checking '/home/carpe-bleue/ros2_ws/install/serial_package/lib'
[2.576s] Level 1:colcon.colcon_core.environment:checking '/home/carpe-bleue/ros2_ws/install/serial_package/bin'
[2.576s] Level 1:colcon.colcon_core.environment:checking '/home/carpe-bleue/ros2_ws/install/serial_package/lib/pkgconfig/serial_package.pc'
[2.577s] Level 1:colcon.colcon_core.environment:checking '/home/carpe-bleue/ros2_ws/install/serial_package/lib/python3.10/site-packages'
[2.578s] Level 1:colcon.colcon_core.environment:checking '/home/carpe-bleue/ros2_ws/install/serial_package/bin'
[2.579s] INFO:colcon.colcon_core.shell:Creating package script '/home/carpe-bleue/ros2_ws/install/serial_package/share/serial_package/package.ps1'
[2.581s] INFO:colcon.colcon_core.shell:Creating package descriptor '/home/carpe-bleue/ros2_ws/install/serial_package/share/serial_package/package.dsv'
[2.583s] INFO:colcon.colcon_core.shell:Creating package script '/home/carpe-bleue/ros2_ws/install/serial_package/share/serial_package/package.sh'
[2.585s] INFO:colcon.colcon_core.shell:Creating package script '/home/carpe-bleue/ros2_ws/install/serial_package/share/serial_package/package.bash'
[2.587s] INFO:colcon.colcon_core.shell:Creating package script '/home/carpe-bleue/ros2_ws/install/serial_package/share/serial_package/package.zsh'
[2.589s] Level 1:colcon.colcon_core.environment:create_file_with_runtime_dependencies(/home/carpe-bleue/ros2_ws/install/serial_package/share/colcon-core/packages/serial_package)
[2.591s] Level 1:colcon.colcon_core.environment:create_environment_scripts_only(serial_package)
[2.592s] Level 1:colcon.colcon_core.environment:checking '/home/carpe-bleue/ros2_ws/install/serial_package' for CMake module files
[2.597s] Level 1:colcon.colcon_core.environment:checking '/home/carpe-bleue/ros2_ws/install/serial_package' for CMake config files
[2.601s] Level 1:colcon.colcon_core.shell:create_environment_hook('serial_package', 'cmake_prefix_path')
[2.602s] INFO:colcon.colcon_core.shell:Creating environment hook '/home/carpe-bleue/ros2_ws/install/serial_package/share/serial_package/hook/cmake_prefix_path.ps1'
[2.604s] INFO:colcon.colcon_core.shell:Creating environment descriptor '/home/carpe-bleue/ros2_ws/install/serial_package/share/serial_package/hook/cmake_prefix_path.dsv'
[2.606s] INFO:colcon.colcon_core.shell:Creating environment hook '/home/carpe-bleue/ros2_ws/install/serial_package/share/serial_package/hook/cmake_prefix_path.sh'
[2.608s] Level 1:colcon.colcon_core.environment:checking '/home/carpe-bleue/ros2_ws/install/serial_package/lib'
[2.609s] Level 1:colcon.colcon_core.environment:checking '/home/carpe-bleue/ros2_ws/install/serial_package/bin'
[2.609s] Level 1:colcon.colcon_core.environment:checking '/home/carpe-bleue/ros2_ws/install/serial_package/lib/pkgconfig/serial_package.pc'
[2.610s] Level 1:colcon.colcon_core.environment:checking '/home/carpe-bleue/ros2_ws/install/serial_package/lib/python3.10/site-packages'
[2.610s] Level 1:colcon.colcon_core.environment:checking '/home/carpe-bleue/ros2_ws/install/serial_package/bin'
[2.611s] INFO:colcon.colcon_core.shell:Creating package script '/home/carpe-bleue/ros2_ws/install/serial_package/share/serial_package/package.ps1'
[2.614s] INFO:colcon.colcon_core.shell:Creating package descriptor '/home/carpe-bleue/ros2_ws/install/serial_package/share/serial_package/package.dsv'
[2.616s] INFO:colcon.colcon_core.shell:Creating package script '/home/carpe-bleue/ros2_ws/install/serial_package/share/serial_package/package.sh'
[2.618s] INFO:colcon.colcon_core.shell:Creating package script '/home/carpe-bleue/ros2_ws/install/serial_package/share/serial_package/package.bash'
[2.620s] INFO:colcon.colcon_core.shell:Creating package script '/home/carpe-bleue/ros2_ws/install/serial_package/share/serial_package/package.zsh'
[2.622s] Level 1:colcon.colcon_core.environment:create_file_with_runtime_dependencies(/home/carpe-bleue/ros2_ws/install/serial_package/share/colcon-core/packages/serial_package)
[2.623s] DEBUG:colcon.colcon_parallel_executor.executor.parallel:closing loop
[2.624s] DEBUG:colcon.colcon_parallel_executor.executor.parallel:loop closed
[2.625s] DEBUG:colcon.colcon_parallel_executor.executor.parallel:run_until_complete finished with '0'
[2.625s] DEBUG:colcon.colcon_core.event_reactor:joining thread
[2.647s] INFO:colcon.colcon_core.plugin_system:Skipping extension 'colcon_notification.desktop_notification.notify_send': Could not find 'notify-send'
[2.647s] INFO:colcon.colcon_core.plugin_system:Skipping extension 'colcon_notification.desktop_notification.terminal_notifier': Not used on non-Darwin systems
[2.647s] INFO:colcon.colcon_core.plugin_system:Skipping extension 'colcon_notification.desktop_notification.win32': Not used on non-Windows systems
[2.648s] INFO:colcon.colcon_notification.desktop_notification:Sending desktop notification using 'notify2'
[2.651s] DEBUG:colcon.colcon_notification.desktop_notification.notify2:Failed to initialize notify2: org.freedesktop.DBus.Error.ServiceUnknown: The name org.freedesktop.Notifications was not provided by any .service files
[2.651s] DEBUG:colcon.colcon_core.event_reactor:joined thread
[2.652s] INFO:colcon.colcon_core.shell:Creating prefix script '/home/carpe-bleue/ros2_ws/install/local_setup.ps1'
[2.656s] INFO:colcon.colcon_core.shell:Creating prefix util module '/home/carpe-bleue/ros2_ws/install/_local_setup_util_ps1.py'
[2.665s] INFO:colcon.colcon_core.shell:Creating prefix chain script '/home/carpe-bleue/ros2_ws/install/setup.ps1'
[2.670s] INFO:colcon.colcon_core.shell:Creating prefix script '/home/carpe-bleue/ros2_ws/install/local_setup.sh'
[2.673s] INFO:colcon.colcon_core.shell:Creating prefix util module '/home/carpe-bleue/ros2_ws/install/_local_setup_util_sh.py'
[2.675s] INFO:colcon.colcon_core.shell:Creating prefix chain script '/home/carpe-bleue/ros2_ws/install/setup.sh'
[2.680s] INFO:colcon.colcon_core.shell:Creating prefix script '/home/carpe-bleue/ros2_ws/install/local_setup.bash'
[2.682s] INFO:colcon.colcon_core.shell:Creating prefix chain script '/home/carpe-bleue/ros2_ws/install/setup.bash'
[2.687s] INFO:colcon.colcon_core.shell:Creating prefix script '/home/carpe-bleue/ros2_ws/install/local_setup.zsh'
[2.689s] INFO:colcon.colcon_core.shell:Creating prefix chain script '/home/carpe-bleue/ros2_ws/install/setup.zsh'
