[0.068s] Invoking command in '/home/carpe-bleue/ros2_ws/build/serial_package': CMAKE_PREFIX_PATH=/opt/ros/humble /usr/bin/cmake /home/carpe-bleue/ros2_ws/src/serial_package -DAMENT_CMAKE_SYMLINK_INSTALL=1 -DCMAKE_INSTALL_PREFIX=/home/carpe-bleue/ros2_ws/install/serial_package
[0.351s] -- The C compiler identification is GNU 11.4.0
[0.634s] -- The CXX compiler identification is GNU 11.4.0
[0.670s] -- Detecting C compiler ABI info
[1.003s] -- Detecting C compiler ABI info - done
[1.033s] -- Check for working C compiler: /usr/bin/cc - skipped
[1.034s] -- Detecting C compile features
[1.037s] -- Detecting C compile features - done
[1.052s] -- Detecting CXX compiler ABI info
[1.427s] -- Detecting CXX compiler ABI info - done
[1.454s] -- Check for working CXX compiler: /usr/bin/c++ - skipped
[1.456s] -- Detecting CXX compile features
[1.459s] -- Detecting CXX compile features - done
[1.485s] -- Found ament_cmake: 1.3.11 (/opt/ros/humble/share/ament_cmake/cmake)
[3.784s] -- Found Python3: /usr/bin/python3 (found version "3.10.12") found components: Interpreter 
[4.179s] -- Override CMake install command with custom implementation using symlinks instead of copying resources
[4.535s] -- Found rclpy: 3.3.16 (/opt/ros/humble/share/rclpy/cmake)
[4.553s] -- Found sensor_msgs: 4.8.0 (/opt/ros/humble/share/sensor_msgs/cmake)
[4.886s] -- Found rosidl_generator_c: 3.1.6 (/opt/ros/humble/share/rosidl_generator_c/cmake)
[4.933s] -- Found rosidl_adapter: 3.1.6 (/opt/ros/humble/share/rosidl_adapter/cmake)
[5.040s] -- Found rosidl_generator_cpp: 3.1.6 (/opt/ros/humble/share/rosidl_generator_cpp/cmake)
[5.203s] -- Using all available rosidl_typesupport_c: rosidl_typesupport_fastrtps_c;rosidl_typesupport_introspection_c
[5.331s] -- Using all available rosidl_typesupport_cpp: rosidl_typesupport_fastrtps_cpp;rosidl_typesupport_introspection_cpp
[5.956s] -- Found rclcpp: 16.0.12 (/opt/ros/humble/share/rclcpp/cmake)
[6.537s] -- Found rmw_implementation_cmake: 6.1.2 (/opt/ros/humble/share/rmw_implementation_cmake/cmake)
[6.585s] -- Found rmw_fastrtps_cpp: 6.2.7 (/opt/ros/humble/share/rmw_fastrtps_cpp/cmake)
[7.579s] -- Found OpenSSL: /usr/lib/aarch64-linux-gnu/libcrypto.so (found version "3.0.2")  
[7.925s] -- Found FastRTPS: /opt/ros/humble/include  
[8.594s] -- Using RMW implementation 'rmw_fastrtps_cpp' as default
[8.785s] -- Looking for pthread.h
[9.743s] -- Looking for pthread.h - found
[9.748s] -- Performing Test CMAKE_HAVE_LIBC_PTHREAD
[10.393s] -- Performing Test CMAKE_HAVE_LIBC_PTHREAD - Success
[10.397s] -- Found Threads: TRUE  
[10.845s] -- Found ament_lint_auto: 0.12.12 (/opt/ros/humble/share/ament_lint_auto/cmake)
[11.925s] -- Added test 'cppcheck' to perform static code analysis on C / C++ code
[11.942s] -- Configured cppcheck include dirs: 
[11.942s] -- Configured cppcheck exclude dirs and/or files: 
[11.951s] -- Added test 'flake8' to check Python code syntax and style conventions
[11.988s] -- Added test 'lint_cmake' to check CMake code style
[11.996s] -- Added test 'pep257' to check Python code against some of the docstring style conventions in PEP 257
[12.107s] -- Added test 'uncrustify' to check C / C++ code style
[12.108s] -- Configured uncrustify additional arguments: 
[12.128s] -- Added test 'xmllint' to check XML markup files
[12.142s] -- Configuring done
[12.373s] -- Generating done
[12.459s] -- Build files have been written to: /home/carpe-bleue/ros2_ws/build/serial_package
[12.591s] Invoked command in '/home/carpe-bleue/ros2_ws/build/serial_package' returned '0': CMAKE_PREFIX_PATH=/opt/ros/humble /usr/bin/cmake /home/carpe-bleue/ros2_ws/src/serial_package -DAMENT_CMAKE_SYMLINK_INSTALL=1 -DCMAKE_INSTALL_PREFIX=/home/carpe-bleue/ros2_ws/install/serial_package
[12.593s] Invoking command in '/home/carpe-bleue/ros2_ws/build/serial_package': CMAKE_PREFIX_PATH=/opt/ros/humble /usr/bin/cmake --build /home/carpe-bleue/ros2_ws/build/serial_package -- -j4 -l4
[13.122s] [ 25%] [32mBuilding CXX object CMakeFiles/OdometryNode.dir/src/OdometryNode.cpp.o[0m
[13.204s] [ 50%] [32mBuilding CXX object CMakeFiles/UART_Node.dir/src/UART_Node.cpp.o[0m
[85.967s] [ 75%] [32m[1mLinking CXX executable UART_Node[0m
[88.032s] [ 75%] Built target UART_Node
[107.785s] [100%] [32m[1mLinking CXX executable OdometryNode[0m
[110.727s] [100%] Built target OdometryNode
[110.765s] Invoked command in '/home/carpe-bleue/ros2_ws/build/serial_package' returned '0': CMAKE_PREFIX_PATH=/opt/ros/humble /usr/bin/cmake --build /home/carpe-bleue/ros2_ws/build/serial_package -- -j4 -l4
[110.774s] Invoking command in '/home/carpe-bleue/ros2_ws/build/serial_package': CMAKE_PREFIX_PATH=/opt/ros/humble /usr/bin/cmake --install /home/carpe-bleue/ros2_ws/build/serial_package
[110.799s] -- Install configuration: ""
[110.801s] -- Execute custom install script
[110.802s] -- Symlinking: /home/carpe-bleue/ros2_ws/install/serial_package/lib/serial_package/UART_Node
[110.834s] -- Symlinking: /home/carpe-bleue/ros2_ws/install/serial_package/lib/serial_package/OdometryNode
[110.865s] -- Symlinking: /home/carpe-bleue/ros2_ws/install/serial_package/lib/serial_package/screen_reader.py
[110.894s] -- Symlinking: /home/carpe-bleue/ros2_ws/install/serial_package/lib/serial_package/bag_player_node.py
[110.924s] -- Symlinking: /home/carpe-bleue/ros2_ws/install/serial_package/lib/serial_package/bag_listener.py
[110.954s] -- Symlinking: /home/carpe-bleue/ros2_ws/install/serial_package/lib/serial_package/serial_node.py
[110.984s] -- Symlinking: /home/carpe-bleue/ros2_ws/install/serial_package/lib/serial_package/serial_node_2.py
[111.014s] -- Symlinking: /home/carpe-bleue/ros2_ws/install/serial_package/lib/serial_package/serial_node_3.py
[111.044s] -- Symlinking: /home/carpe-bleue/ros2_ws/install/serial_package/lib/serial_package/serial_node_4.py
[111.073s] -- Symlinking: /home/carpe-bleue/ros2_ws/install/serial_package/lib/serial_package/serial_node_5.py
[111.103s] -- Symlinking: /home/carpe-bleue/ros2_ws/install/serial_package/lib/serial_package/serial_node_6.py
[111.134s] -- Symlinking: /home/carpe-bleue/ros2_ws/install/serial_package/lib/serial_package/test_uart.py
[111.163s] -- Symlinking: /home/carpe-bleue/ros2_ws/install/serial_package/lib/serial_package/test_uart_lidar.py
[111.193s] -- Symlinking: /home/carpe-bleue/ros2_ws/install/serial_package/lib/serial_package/test_uart_lidar2.py
[111.223s] -- Symlinking: /home/carpe-bleue/ros2_ws/install/serial_package/lib/serial_package/robot_control_node.py
[111.253s] -- Symlinking: /home/carpe-bleue/ros2_ws/install/serial_package/lib/serial_package/robot_control_node_2.py
[111.283s] -- Symlinking: /home/carpe-bleue/ros2_ws/install/serial_package/lib/serial_package/robot_control_node_3.py
[111.312s] -- Symlinking: /home/carpe-bleue/ros2_ws/install/serial_package/lib/serial_package/robot_control_node_4.py
[111.343s] -- Symlinking: /home/carpe-bleue/ros2_ws/install/serial_package/lib/serial_package/robot_control_node_5.py
[111.373s] -- Symlinking: /home/carpe-bleue/ros2_ws/install/serial_package/lib/serial_package/robot_control_node_6.py
[111.404s] -- Symlinking: /home/carpe-bleue/ros2_ws/install/serial_package/lib/serial_package/robot_control_node_7.py
[111.434s] -- Symlinking: /home/carpe-bleue/ros2_ws/install/serial_package/lib/serial_package/keyboard_control.py
[111.466s] -- Symlinking: /home/carpe-bleue/ros2_ws/install/serial_package/lib/serial_package/bagfile_stm32.py
[111.495s] -- Symlinking: /home/carpe-bleue/ros2_ws/install/serial_package/lib/serial_package/launch_serial_lidar.py
[111.527s] -- Symlinking: /home/carpe-bleue/ros2_ws/install/serial_package/lib/serial_package/launch_robot.py
[111.559s] -- Symlinking: /home/carpe-bleue/ros2_ws/install/serial_package/lib/serial_package/keyboard_test.py
[111.592s] -- Symlinking: /home/carpe-bleue/ros2_ws/install/serial_package/lib/serial_package/keyboard_test_2.py
[111.622s] -- Symlinking: /home/carpe-bleue/ros2_ws/install/serial_package/lib/serial_package/keyboard_lidar_free.py
[111.651s] -- Symlinking: /home/carpe-bleue/ros2_ws/install/serial_package/lib/serial_package/bag_listener_2.py
[111.681s] -- Symlinking: /home/carpe-bleue/ros2_ws/install/serial_package/lib/serial_package/control_keyboard.py
[111.711s] -- Symlinking: /home/carpe-bleue/ros2_ws/install/serial_package/lib/serial_package/bag_playback.py
[111.742s] -- Symlinking: /home/carpe-bleue/ros2_ws/install/serial_package/share/serial_package/launch/OdometryNode.launch.py
[111.774s] -- Symlinking: /home/carpe-bleue/ros2_ws/install/serial_package/share/serial_package/launch/UART_Node.launch.py
[111.804s] -- Symlinking: /home/carpe-bleue/ros2_ws/install/serial_package/share/serial_package/launch/bag_launch.launch.py
[111.836s] -- Symlinking: /home/carpe-bleue/ros2_ws/install/serial_package/share/serial_package/launch/combined_launch.py
[111.865s] -- Symlinking: /home/carpe-bleue/ros2_ws/install/serial_package/share/serial_package/launch/launch_robot.py
[111.896s] -- Symlinking: /home/carpe-bleue/ros2_ws/install/serial_package/share/serial_package/launch/launch_serial_lidar.py
[111.928s] -- Symlinking: /home/carpe-bleue/ros2_ws/install/serial_package/share/serial_package/bags/0/0_0.db3
[111.958s] -- Symlinking: /home/carpe-bleue/ros2_ws/install/serial_package/share/serial_package/bags/0/metadata.yaml
[111.988s] -- Symlinking: /home/carpe-bleue/ros2_ws/install/serial_package/share/serial_package/bags/1/1_0.db3
[112.019s] -- Symlinking: /home/carpe-bleue/ros2_ws/install/serial_package/share/serial_package/bags/1/metadata.yaml
[112.049s] -- Symlinking: /home/carpe-bleue/ros2_ws/install/serial_package/share/serial_package/bags/3/3_0.db3
[112.079s] -- Symlinking: /home/carpe-bleue/ros2_ws/install/serial_package/share/serial_package/bags/3/metadata.yaml
[112.109s] -- Symlinking: /home/carpe-bleue/ros2_ws/install/serial_package/share/serial_package/bags/4/4_0.db3
[112.139s] -- Symlinking: /home/carpe-bleue/ros2_ws/install/serial_package/share/serial_package/bags/4/metadata.yaml
[112.169s] -- Symlinking: /home/carpe-bleue/ros2_ws/install/serial_package/share/serial_package/bags/5/5_0.db3
[112.198s] -- Symlinking: /home/carpe-bleue/ros2_ws/install/serial_package/share/serial_package/bags/5/metadata.yaml
[112.230s] -- Symlinking: /home/carpe-bleue/ros2_ws/install/serial_package/share/ament_index/resource_index/package_run_dependencies/serial_package
[112.260s] -- Symlinking: /home/carpe-bleue/ros2_ws/install/serial_package/share/ament_index/resource_index/parent_prefix_path/serial_package
[112.292s] -- Symlinking: /home/carpe-bleue/ros2_ws/install/serial_package/share/serial_package/environment/ament_prefix_path.sh
[112.322s] -- Symlinking: /home/carpe-bleue/ros2_ws/install/serial_package/share/serial_package/environment/ament_prefix_path.dsv
[112.353s] -- Symlinking: /home/carpe-bleue/ros2_ws/install/serial_package/share/serial_package/environment/path.sh
[112.383s] -- Symlinking: /home/carpe-bleue/ros2_ws/install/serial_package/share/serial_package/environment/path.dsv
[112.416s] -- Symlinking: /home/carpe-bleue/ros2_ws/install/serial_package/share/serial_package/local_setup.bash
[112.447s] -- Symlinking: /home/carpe-bleue/ros2_ws/install/serial_package/share/serial_package/local_setup.sh
[112.479s] -- Symlinking: /home/carpe-bleue/ros2_ws/install/serial_package/share/serial_package/local_setup.zsh
[112.509s] -- Symlinking: /home/carpe-bleue/ros2_ws/install/serial_package/share/serial_package/local_setup.dsv
[112.540s] -- Symlinking: /home/carpe-bleue/ros2_ws/install/serial_package/share/serial_package/package.dsv
[112.570s] -- Symlinking: /home/carpe-bleue/ros2_ws/install/serial_package/share/ament_index/resource_index/packages/serial_package
[112.602s] -- Symlinking: /home/carpe-bleue/ros2_ws/install/serial_package/share/serial_package/cmake/serial_packageConfig.cmake
[112.633s] -- Symlinking: /home/carpe-bleue/ros2_ws/install/serial_package/share/serial_package/cmake/serial_packageConfig-version.cmake
[112.662s] -- Symlinking: /home/carpe-bleue/ros2_ws/install/serial_package/share/serial_package/package.xml
[112.693s] -- Installing: /home/carpe-bleue/ros2_ws/install/serial_package/lib/serial_package/tirette
[112.695s] -- Installing: /home/carpe-bleue/ros2_ws/install/serial_package/lib/serial_package/bag_player_node
[112.696s] -- Installing: /home/carpe-bleue/ros2_ws/install/serial_package/lib/serial_package/bag_listener
[112.705s] Invoked command in '/home/carpe-bleue/ros2_ws/build/serial_package' returned '0': CMAKE_PREFIX_PATH=/opt/ros/humble /usr/bin/cmake --install /home/carpe-bleue/ros2_ws/build/serial_package
