[0.079s] Invoking command in '/home/carpe-bleue/ros2_ws/build/serial_package': CMAKE_PREFIX_PATH=${CMAKE_PREFIX_PATH}:/opt/ros/humble /usr/bin/cmake --build /home/carpe-bleue/ros2_ws/build/serial_package -- -j4 -l4
[0.775s] [ 50%] Built target UART_Node
[0.776s] [100%] Built target OdometryNode
[0.817s] Invoked command in '/home/carpe-bleue/ros2_ws/build/serial_package' returned '0': CMAKE_PREFIX_PATH=${CMAKE_PREFIX_PATH}:/opt/ros/humble /usr/bin/cmake --build /home/carpe-bleue/ros2_ws/build/serial_package -- -j4 -l4
[0.859s] Invoking command in '/home/carpe-bleue/ros2_ws/build/serial_package': CMAKE_PREFIX_PATH=${CMAKE_PREFIX_PATH}:/opt/ros/humble /usr/bin/cmake --install /home/carpe-bleue/ros2_ws/build/serial_package
[0.889s] -- Install configuration: ""
[0.894s] -- Execute custom install script
[0.898s] -- Up-to-date symlink: /home/carpe-bleue/ros2_ws/install/serial_package/lib/serial_package/UART_Node
[0.898s] -- Up-to-date symlink: /home/carpe-bleue/ros2_ws/install/serial_package/lib/serial_package/OdometryNode
[0.899s] -- Up-to-date symlink: /home/carpe-bleue/ros2_ws/install/serial_package/lib/serial_package/screen_reader.py
[0.900s] -- Up-to-date symlink: /home/carpe-bleue/ros2_ws/install/serial_package/lib/serial_package/bag_player_node.py
[0.901s] -- Up-to-date symlink: /home/carpe-bleue/ros2_ws/install/serial_package/lib/serial_package/bag_listener.py
[0.903s] -- Up-to-date symlink: /home/carpe-bleue/ros2_ws/install/serial_package/lib/serial_package/serial_node.py
[0.903s] -- Up-to-date symlink: /home/carpe-bleue/ros2_ws/install/serial_package/lib/serial_package/serial_node_2.py
[0.904s] -- Up-to-date symlink: /home/carpe-bleue/ros2_ws/install/serial_package/lib/serial_package/serial_node_3.py
[0.904s] -- Up-to-date symlink: /home/carpe-bleue/ros2_ws/install/serial_package/lib/serial_package/serial_node_4.py
[0.905s] -- Up-to-date symlink: /home/carpe-bleue/ros2_ws/install/serial_package/lib/serial_package/serial_node_5.py
[0.906s] -- Up-to-date symlink: /home/carpe-bleue/ros2_ws/install/serial_package/lib/serial_package/serial_node_6.py
[0.907s] -- Up-to-date symlink: /home/carpe-bleue/ros2_ws/install/serial_package/lib/serial_package/test_uart.py
[0.907s] -- Up-to-date symlink: /home/carpe-bleue/ros2_ws/install/serial_package/lib/serial_package/test_uart_lidar.py
[0.911s] -- Up-to-date symlink: /home/carpe-bleue/ros2_ws/install/serial_package/lib/serial_package/test_uart_lidar2.py
[0.911s] -- Up-to-date symlink: /home/carpe-bleue/ros2_ws/install/serial_package/lib/serial_package/robot_control_node.py
[0.912s] -- Up-to-date symlink: /home/carpe-bleue/ros2_ws/install/serial_package/lib/serial_package/robot_control_node_2.py
[0.912s] -- Up-to-date symlink: /home/carpe-bleue/ros2_ws/install/serial_package/lib/serial_package/robot_control_node_3.py
[0.913s] -- Up-to-date symlink: /home/carpe-bleue/ros2_ws/install/serial_package/lib/serial_package/robot_control_node_4.py
[0.913s] -- Up-to-date symlink: /home/carpe-bleue/ros2_ws/install/serial_package/lib/serial_package/robot_control_node_5.py
[0.913s] -- Up-to-date symlink: /home/carpe-bleue/ros2_ws/install/serial_package/lib/serial_package/robot_control_node_6.py
[0.914s] -- Up-to-date symlink: /home/carpe-bleue/ros2_ws/install/serial_package/lib/serial_package/robot_control_node_7.py
[0.914s] -- Up-to-date symlink: /home/carpe-bleue/ros2_ws/install/serial_package/lib/serial_package/keyboard_control.py
[0.915s] -- Up-to-date symlink: /home/carpe-bleue/ros2_ws/install/serial_package/lib/serial_package/bagfile_stm32.py
[0.916s] -- Up-to-date symlink: /home/carpe-bleue/ros2_ws/install/serial_package/lib/serial_package/launch_serial_lidar.py
[0.917s] -- Up-to-date symlink: /home/carpe-bleue/ros2_ws/install/serial_package/lib/serial_package/launch_robot.py
[0.918s] -- Up-to-date symlink: /home/carpe-bleue/ros2_ws/install/serial_package/lib/serial_package/keyboard_test.py
[0.920s] -- Up-to-date symlink: /home/carpe-bleue/ros2_ws/install/serial_package/lib/serial_package/keyboard_test_2.py
[0.921s] -- Up-to-date symlink: /home/carpe-bleue/ros2_ws/install/serial_package/lib/serial_package/keyboard_lidar_free.py
[0.921s] -- Up-to-date symlink: /home/carpe-bleue/ros2_ws/install/serial_package/lib/serial_package/bag_listener_2.py
[0.923s] -- Up-to-date symlink: /home/carpe-bleue/ros2_ws/install/serial_package/lib/serial_package/control_keyboard.py
[0.924s] -- Up-to-date symlink: /home/carpe-bleue/ros2_ws/install/serial_package/lib/serial_package/bag_playback.py
[0.925s] -- Up-to-date symlink: /home/carpe-bleue/ros2_ws/install/serial_package/share/serial_package/launch/OdometryNode.launch.py
[0.927s] -- Up-to-date symlink: /home/carpe-bleue/ros2_ws/install/serial_package/share/serial_package/launch/UART_Node.launch.py
[0.927s] -- Up-to-date symlink: /home/carpe-bleue/ros2_ws/install/serial_package/share/serial_package/launch/bag_launch.launch.py
[0.928s] -- Up-to-date symlink: /home/carpe-bleue/ros2_ws/install/serial_package/share/serial_package/launch/combined_launch.py
[0.930s] -- Up-to-date symlink: /home/carpe-bleue/ros2_ws/install/serial_package/share/serial_package/launch/launch_robot.py
[0.931s] -- Up-to-date symlink: /home/carpe-bleue/ros2_ws/install/serial_package/share/serial_package/launch/launch_serial_lidar.py
[0.933s] -- Up-to-date symlink: /home/carpe-bleue/ros2_ws/install/serial_package/share/serial_package/bags/0/0_0.db3
[0.934s] -- Up-to-date symlink: /home/carpe-bleue/ros2_ws/install/serial_package/share/serial_package/bags/0/metadata.yaml
[0.935s] -- Up-to-date symlink: /home/carpe-bleue/ros2_ws/install/serial_package/share/serial_package/bags/1/1_0.db3
[0.935s] -- Up-to-date symlink: /home/carpe-bleue/ros2_ws/install/serial_package/share/serial_package/bags/1/metadata.yaml
[0.936s] -- Up-to-date symlink: /home/carpe-bleue/ros2_ws/install/serial_package/share/serial_package/bags/3/3_0.db3
[0.937s] -- Up-to-date symlink: /home/carpe-bleue/ros2_ws/install/serial_package/share/serial_package/bags/3/metadata.yaml
[0.938s] -- Up-to-date symlink: /home/carpe-bleue/ros2_ws/install/serial_package/share/serial_package/bags/4/4_0.db3
[0.939s] -- Up-to-date symlink: /home/carpe-bleue/ros2_ws/install/serial_package/share/serial_package/bags/4/metadata.yaml
[0.940s] -- Up-to-date symlink: /home/carpe-bleue/ros2_ws/install/serial_package/share/serial_package/bags/5/5_0.db3
[0.941s] -- Up-to-date symlink: /home/carpe-bleue/ros2_ws/install/serial_package/share/serial_package/bags/5/metadata.yaml
[0.942s] -- Up-to-date symlink: /home/carpe-bleue/ros2_ws/install/serial_package/share/ament_index/resource_index/package_run_dependencies/serial_package
[0.944s] -- Up-to-date symlink: /home/carpe-bleue/ros2_ws/install/serial_package/share/ament_index/resource_index/parent_prefix_path/serial_package
[0.945s] -- Up-to-date symlink: /home/carpe-bleue/ros2_ws/install/serial_package/share/serial_package/environment/ament_prefix_path.sh
[0.946s] -- Up-to-date symlink: /home/carpe-bleue/ros2_ws/install/serial_package/share/serial_package/environment/ament_prefix_path.dsv
[0.947s] -- Up-to-date symlink: /home/carpe-bleue/ros2_ws/install/serial_package/share/serial_package/environment/path.sh
[0.947s] -- Up-to-date symlink: /home/carpe-bleue/ros2_ws/install/serial_package/share/serial_package/environment/path.dsv
[0.948s] -- Up-to-date symlink: /home/carpe-bleue/ros2_ws/install/serial_package/share/serial_package/local_setup.bash
[0.948s] -- Up-to-date symlink: /home/carpe-bleue/ros2_ws/install/serial_package/share/serial_package/local_setup.sh
[0.949s] -- Up-to-date symlink: /home/carpe-bleue/ros2_ws/install/serial_package/share/serial_package/local_setup.zsh
[0.950s] -- Up-to-date symlink: /home/carpe-bleue/ros2_ws/install/serial_package/share/serial_package/local_setup.dsv
[0.951s] -- Symlinking: /home/carpe-bleue/ros2_ws/install/serial_package/share/serial_package/package.dsv
[0.984s] -- Up-to-date symlink: /home/carpe-bleue/ros2_ws/install/serial_package/share/ament_index/resource_index/packages/serial_package
[0.985s] -- Up-to-date symlink: /home/carpe-bleue/ros2_ws/install/serial_package/share/serial_package/cmake/serial_packageConfig.cmake
[0.986s] -- Up-to-date symlink: /home/carpe-bleue/ros2_ws/install/serial_package/share/serial_package/cmake/serial_packageConfig-version.cmake
[0.988s] -- Up-to-date symlink: /home/carpe-bleue/ros2_ws/install/serial_package/share/serial_package/package.xml
[0.989s] -- Up-to-date: /home/carpe-bleue/ros2_ws/install/serial_package/lib/serial_package/tirette
[0.991s] -- Up-to-date: /home/carpe-bleue/ros2_ws/install/serial_package/lib/serial_package/bag_player_node
[0.992s] -- Up-to-date: /home/carpe-bleue/ros2_ws/install/serial_package/lib/serial_package/bag_listener
[1.110s] Invoked command in '/home/carpe-bleue/ros2_ws/build/serial_package' returned '0': CMAKE_PREFIX_PATH=${CMAKE_PREFIX_PATH}:/opt/ros/humble /usr/bin/cmake --install /home/carpe-bleue/ros2_ws/build/serial_package
